React Compiler enabled
Starting Metro Bundler
Static rendering is enabled. Learn more: https://docs.expo.dev/router/reference/static-rendering/
Web node_modules\expo-router\entry.js ▓▓▓▓▓▓▓▓▓▓▓▓▓▓▓░ 99.7% (720/749)
λ node_modules\expo-router\node\render.js ▓▓▓▓▓▓▓▓▓▓▓▓▓▓░░ 92.5% (817/856)
Web node_modules\expo-router\entry.js ▓▓▓▓▓▓▓▓▓▓▓▓▓▓▓░ 99.7% (1095/1115)
λ node_modules\expo-router\node\render.js ▓▓▓▓▓▓▓▓▓▓▓▓▓▓▓░ 97.0% (1252/1279)
λ Bundled 6958ms node_modules\expo-router\node\render.js (1364 modules)
Web node_modules\expo-router\entry.js ▓▓▓▓▓▓▓▓▓▓▓▓▓▓▓░ 99.9% (1284/1296)
Web Bundled 8912ms node_modules\expo-router\entry.js (1299 modules)

› web bundles (3):
_expo/static/js/web/entry-3222b080208822d76df60c83682cac99.js (3.32 MB)
_expo/static/js/web/nutrition-calculator-67600694d7b490db6ed2870035f72962.js (1.01 kB)
_expo/static/js/web/subscription-service-b0a1ef83e6b2c571ced28540374eb1ab.js (1.5 kB)

› Static routes (23):
/auth (17.4 kB)
/help (17.4 kB)
/ (index) (17.4 kB)
/modal (17.4 kB)
/stats (17.4 kB)
/version (17.4 kB)
/explore (17.4 kB)
/_sitemap (17.4 kB)
/admin-kpi (17.4 kB)
/ai-logger (17.4 kB)
/onboarding (17.4 kB)
/+not-found (17.4 kB)
/subscription (17.4 kB)
/verify-email (17.4 kB)
/(tabs) (17.4 kB)
/admin-requests (17.4 kB)
/privacy-policy (17.4 kB)
/(tabs)/explore (17.4 kB)
/admin-beta-users (17.4 kB)
/terms-of-service (17.4 kB)
/admin-custom-foods (17.4 kB)
/points-explanation (17.4 kB)
/verify-email-firebase (17.4 kB)

Exported: web-build
Something prevented Expo from exiting, forcefully exiting now.
npm notice
npm notice New minor version of npm available! 11.6.2 -> 11.7.0
npm notice Changelog: https://github.com/npm/cli/releases/tag/v11.7.0
npm notice To update run: npm install -g npm@11.7.0
npm notice
